<?xml version="1.0" encoding="UTF-8"?>
<testng-results ignored="0" total="11" passed="11" failed="0" skipped="0">
  <reporter-output>
  </reporter-output>
  <suite started-at="2024-07-31T17:49:28 IST" name="TestNG Parameters suite" finished-at="2024-07-31T17:54:00 IST" duration-ms="271983">
    <groups>
    </groups>
    <test started-at="2024-07-31T17:49:28 IST" name="Groups execution" finished-at="2024-07-31T17:54:00 IST" duration-ms="271983">
      <class name="QKART_TESTNG.QKART_Tests">
        <test-method is-config="true" signature="createDriver()[pri:0, instance:QKART_TESTNG.QKART_Tests@49f19a82]" started-at="2024-07-31T17:49:25 IST" name="createDriver" finished-at="2024-07-31T17:49:28 IST" duration-ms="2572" status="PASS">
          <reporter-output>
          </reporter-output>
        </test-method> <!-- createDriver -->
        <test-method signature="TestCase01()[pri:0, instance:QKART_TESTNG.QKART_Tests@49f19a82]" started-at="2024-07-31T17:49:28 IST" name="TestCase01" finished-at="2024-07-31T17:49:37 IST" duration-ms="9576" status="PASS">
          <reporter-output>
          </reporter-output>
        </test-method> <!-- TestCase01 -->
        <test-method signature="TestCase02()[pri:0, instance:QKART_TESTNG.QKART_Tests@49f19a82]" started-at="2024-07-31T17:49:37 IST" name="TestCase02" finished-at="2024-07-31T17:50:13 IST" duration-ms="35955" status="PASS">
          <reporter-output>
          </reporter-output>
        </test-method> <!-- TestCase02 -->
        <test-method signature="TestCase03()[pri:0, instance:QKART_TESTNG.QKART_Tests@49f19a82]" started-at="2024-07-31T17:50:13 IST" name="TestCase03" finished-at="2024-07-31T17:50:48 IST" duration-ms="34817" status="PASS">
          <reporter-output>
          </reporter-output>
        </test-method> <!-- TestCase03 -->
        <test-method signature="TestCase04()[pri:0, instance:QKART_TESTNG.QKART_Tests@49f19a82]" started-at="2024-07-31T17:50:48 IST" name="TestCase04" finished-at="2024-07-31T17:51:07 IST" duration-ms="18810" status="PASS">
          <reporter-output>
          </reporter-output>
        </test-method> <!-- TestCase04 -->
        <test-method signature="TestCase05()[pri:0, instance:QKART_TESTNG.QKART_Tests@49f19a82]" started-at="2024-07-31T17:51:07 IST" name="TestCase05" finished-at="2024-07-31T17:51:34 IST" duration-ms="27484" status="PASS">
          <reporter-output>
          </reporter-output>
        </test-method> <!-- TestCase05 -->
        <test-method signature="TestCase06()[pri:0, instance:QKART_TESTNG.QKART_Tests@49f19a82]" started-at="2024-07-31T17:51:34 IST" name="TestCase06" finished-at="2024-07-31T17:52:09 IST" duration-ms="34905" status="PASS">
          <reporter-output>
          </reporter-output>
        </test-method> <!-- TestCase06 -->
        <test-method signature="TestCase07()[pri:0, instance:QKART_TESTNG.QKART_Tests@49f19a82]" started-at="2024-07-31T17:52:09 IST" name="TestCase07" finished-at="2024-07-31T17:52:56 IST" duration-ms="46794" status="PASS">
          <reporter-output>
          </reporter-output>
        </test-method> <!-- TestCase07 -->
        <test-method signature="TestCase08()[pri:0, instance:QKART_TESTNG.QKART_Tests@49f19a82]" started-at="2024-07-31T17:52:56 IST" name="TestCase08" finished-at="2024-07-31T17:53:16 IST" duration-ms="19392" status="PASS">
          <reporter-output>
          </reporter-output>
        </test-method> <!-- TestCase08 -->
        <test-method signature="TestCase09()[pri:0, instance:QKART_TESTNG.QKART_Tests@49f19a82]" started-at="2024-07-31T17:53:16 IST" name="TestCase09" finished-at="2024-07-31T17:53:25 IST" duration-ms="9145" status="PASS">
          <reporter-output>
          </reporter-output>
        </test-method> <!-- TestCase09 -->
        <test-method signature="TestCase10()[pri:0, instance:QKART_TESTNG.QKART_Tests@49f19a82]" started-at="2024-07-31T17:53:25 IST" name="TestCase10" finished-at="2024-07-31T17:53:29 IST" duration-ms="3810" status="PASS">
          <reporter-output>
          </reporter-output>
        </test-method> <!-- TestCase10 -->
        <test-method signature="TestCase11()[pri:0, instance:QKART_TESTNG.QKART_Tests@49f19a82]" started-at="2024-07-31T17:53:29 IST" name="TestCase11" finished-at="2024-07-31T17:54:00 IST" duration-ms="31190" status="PASS">
          <reporter-output>
          </reporter-output>
        </test-method> <!-- TestCase11 -->
        <test-method is-config="true" signature="quitDriver()[pri:0, instance:QKART_TESTNG.QKART_Tests@49f19a82]" started-at="2024-07-31T17:54:00 IST" name="quitDriver" finished-at="2024-07-31T17:54:00 IST" duration-ms="63" status="PASS">
          <reporter-output>
          </reporter-output>
        </test-method> <!-- quitDriver -->
      </class> <!-- QKART_TESTNG.QKART_Tests -->
    </test> <!-- Groups execution -->
  </suite> <!-- TestNG Parameters suite -->
</testng-results>
